
29/11/2017 14:11:38 | User testuser has been authenticated
29/11/2017 14:11:38 | data-file.pdf is being processes by printer100A
29/11/2017 15:49:19 | User alice99 was registered
29/11/2017 15:49:19 | User bob99 was registered
29/11/2017 15:49:19 | User cecilia99 was registered
29/11/2017 15:49:19 | User david99 was registered
29/11/2017 15:49:19 | User erica99 was registered
29/11/2017 15:49:19 | User fred99 was registered
29/11/2017 15:49:19 | User george99 was registered
29/11/2017 15:53:48 | User alice99 was registered
29/11/2017 15:53:48 | User bob99 was registered
29/11/2017 15:53:48 | User cecilia99 was registered
29/11/2017 15:53:48 | User david99 was registered
29/11/2017 15:53:48 | User erica99 was registered
29/11/2017 15:53:48 | User fred99 was registered
29/11/2017 15:53:48 | User george99 was registered
29/11/2017 16:12:24 | User alice99 has been authenticated
29/11/2017 16:12:24 | data-file.pdf is being processes by printer100A
29/11/2017 17:55:30 | User alice99 has been authenticated
29/11/2017 17:55:30 | data-file.pdf is being processes by printer100A
29/11/2017 17:56:35 | User bob99 has been authenticated
03/12/2017 13:34:13 | User bob99 has been authenticated
03/12/2017 13:34:54 | User bob99 has been authenticated
03/12/2017 13:35:25 | User alice99 has been authenticated
03/12/2017 13:36:12 | User alice99 has been authenticated
03/12/2017 13:37:00 | User alice99 has been authenticated
03/12/2017 13:37:46 | User alice99 has been authenticated
03/12/2017 13:40:00 | User alice99 has been authenticated
03/12/2017 13:41:19 | User alice99 has been authenticated
03/12/2017 13:41:19 | data-file.pdf is being processes by printer100A
03/12/2017 13:41:50 | User bob99 has been authenticated
03/12/2017 13:42:10 | User cecilia99 has been authenticated
03/12/2017 13:42:10 | data-file.pdf is being processes by printer100A
03/12/2017 13:42:35 | User fred99 has been authenticated
03/12/2017 13:42:35 | data-file.pdf is being processes by printer100A
03/12/2017 14:00:34 | User fred99 has been authenticated
03/12/2017 14:00:51 | User bob99 has been authenticated
03/12/2017 14:01:19 | User bob99 has been authenticated
03/12/2017 14:01:35 | User alice99 has been authenticated
03/12/2017 14:01:35 | data-file.pdf is being processes by printer100A
03/12/2017 16:54:47 | User alice99 has been authenticated
03/12/2017 16:54:47 | data-file.pdf is being processes by printer100A
05/12/2017 19:16:19 | User alice99 has been authenticated
05/12/2017 19:16:19 | data-file.pdf is being processes by printer100A
05/12/2017 19:17:18 | User alice99 has been authenticated
05/12/2017 19:17:18 | data-file.pdf is being processes by printer100A
05/12/2017 19:19:30 | User alice99 has been authenticated
05/12/2017 19:19:30 | data-file.pdf is being processes by printer100A
05/12/2017 19:34:27 | User alice99 has been authenticated
05/12/2017 19:34:27 | data-file.pdf is being processes by printer100A
05/12/2017 19:43:08 | User alice99 has been authenticated
05/12/2017 19:43:08 | data-file.pdf is being processes by printer100A
05/12/2017 19:47:43 | User alice99 has been authenticated
05/12/2017 19:47:43 | data-file.pdf is being processes by printer100A
05/12/2017 19:48:46 | User alice99 has been authenticated
05/12/2017 19:48:46 | data-file.pdf is being processes by printer100A
05/12/2017 19:52:26 | User bob99 has been authenticated
05/12/2017 19:56:29 | User alice99 has been authenticated
05/12/2017 19:56:29 | data-file.pdf is being processes by printer100A
05/12/2017 19:57:33 | User bob99 has been authenticated
05/12/2017 19:59:04 | User cecilia99 has been authenticated
05/12/2017 19:59:04 | data-file.pdf is being processes by printer100A
05/12/2017 19:59:58 | User fred99 has been authenticated
05/12/2017 19:59:58 | data-file.pdf is being processes by printer100A
05/12/2017 20:24:44 | User alice99 has been authenticated
05/12/2017 20:24:44 | data-file.pdf is being processes by printer100A
05/12/2017 20:25:25 | User bob99 has been authenticated
05/12/2017 20:26:13 | User cecilia99 has been authenticated
05/12/2017 20:26:13 | data-file.pdf is being processes by printer100A
05/12/2017 20:26:42 | User david99 has been authenticated
05/12/2017 20:26:42 | data-file.pdf is being processes by printer100A
05/12/2017 21:02:17 | User henry99 was registered
05/12/2017 21:05:27 | User henry99 was registered
05/12/2017 21:07:07 | User ida99 was registered
05/12/2017 21:30:43 | User george99 has been authenticated
05/12/2017 21:31:14 | User henry99 has been authenticated
05/12/2017 21:31:14 | data-file.pdf is being processes by printer100A
05/12/2017 21:31:48 | User ida99 has been authenticated
05/12/2017 21:31:48 | data-file.pdf is being processes by printer100A
05/12/2017 21:41:34 | User george99 has been authenticated
05/12/2017 21:42:03 | User henry99 has been authenticated
05/12/2017 21:42:03 | data-file.pdf is being processes by printer100A
05/12/2017 21:42:18 | User ida99 has been authenticated
05/12/2017 21:42:18 | data-file.pdf is being processes by printer100A
05/12/2017 22:06:35 | User alice99 has been authenticated
05/12/2017 22:06:35 | data-file.pdf is being processes by printer100A
05/12/2017 22:07:15 | User bob99 has been authenticated
05/12/2017 22:07:58 | User cecilia99 has been authenticated
05/12/2017 22:07:58 | data-file.pdf is being processes by printer100A
05/12/2017 22:08:59 | User alice99 has been authenticated
05/12/2017 22:08:59 | data-file.pdf is being processes by printer100A
05/12/2017 22:09:29 | User bob99 has been authenticated
05/12/2017 22:09:43 | User cecilia99 has been authenticated
05/12/2017 22:09:43 | data-file.pdf is being processes by printer100A
05/12/2017 22:10:04 | User fred99 has been authenticated
05/12/2017 22:10:04 | data-file.pdf is being processes by printer100A
05/12/2017 22:11:02 | User alice99 has been authenticated
05/12/2017 22:11:02 | data-file.pdf is being processes by printer100A
05/12/2017 22:12:51 | User bob99 has been authenticated
05/12/2017 22:13:11 | User cecilia99 has been authenticated
05/12/2017 22:13:11 | data-file.pdf is being processes by printer100A
05/12/2017 22:13:30 | User fred99 has been authenticated
05/12/2017 22:13:30 | data-file.pdf is being processes by printer100A
05/12/2017 22:15:15 | User george99 has been authenticated
05/12/2017 22:15:39 | User henry99 has been authenticated
05/12/2017 22:15:39 | data-file.pdf is being processes by printer100A
05/12/2017 22:16:04 | User ida99 has been authenticated
05/12/2017 22:16:04 | data-file.pdf is being processes by printer100A
